# JRE version: Java(TM) SE Runtime Environment (21.0.1+12) (build 21.0.1+12-LTS-29)
# Java VM: Java HotSpot(TM) 64-Bit Server VM (21.0.1+12-LTS-29, mixed mode, sharing, tiered, compressed oops, compressed class ptrs, parallel gc, windows-amd64)
GC Precious Log:
 CardTable entry size: 512
 CPUs: 4 total, 4 available
 Memory: 14987M
 Large Page Support: Disabled
 NUMA Support: Disabled
 Compressed Oops: Enabled (32-bit)
 Alignments: Space 512K, Generation 512K, Heap 2M
 Heap Min Capacity: 100M
 Heap Initial Capacity: 100M
 Heap Max Capacity: 1G
 Pre-touch: Disabled
 Parallel Workers: 4
Heap:
 PSYoungGen      total 14336K, used 13968K [0x00000000eab00000, 0x00000000ec280000, 0x0000000100000000)
  eden space 6144K, 100% used [0x00000000eab00000,0x00000000eb100000,0x00000000eb100000)
  from space 8192K, 95% used [0x00000000eb980000,0x00000000ec1241d0,0x00000000ec180000)
  to   space 8704K, 99% used [0x00000000eb100000,0x00000000eb97c950,0x00000000eb980000)
 ParOldGen       total 154112K, used 141091K [0x00000000c0000000, 0x00000000c9680000, 0x00000000eab00000)
  object space 154112K, 91% used [0x00000000c0000000,0x00000000c89c8f10,0x00000000c9680000)
 Metaspace       used 79461K, committed 80960K, reserved 1179648K
  class space    used 8242K, committed 8896K, reserved 1048576K
GC Heap History (20 events):
Event: 1281.038 GC heap after
{Heap after GC invocations=318 (full 11):
 PSYoungGen      total 8704K, used 3616K [0x00000000eab00000, 0x00000000ebb80000, 0x0000000100000000)
  eden space 4608K, 0% used [0x00000000eab00000,0x00000000eab00000,0x00000000eaf80000)
  from space 4096K, 88% used [0x00000000eaf80000,0x00000000eb3081c0,0x00000000eb380000)
  to   space 5632K, 0% used [0x00000000eb600000,0x00000000eb600000,0x00000000ebb80000)
 ParOldGen       total 154112K, used 121653K [0x00000000c0000000, 0x00000000c9680000, 0x00000000eab00000)
  object space 154112K, 78% used [0x00000000c0000000,0x00000000c76cd7d8,0x00000000c9680000)
 Metaspace       used 78837K, committed 80192K, reserved 1179648K
  class space    used 8174K, committed 8768K, reserved 1048576K
}
Event: 1281.057 GC heap before
{Heap before GC invocations=319 (full 11):
 PSYoungGen      total 8704K, used 8220K [0x00000000eab00000, 0x00000000ebb80000, 0x0000000100000000)
  eden space 4608K, 99% used [0x00000000eab00000,0x00000000eaf7ef28,0x00000000eaf80000)
  from space 4096K, 88% used [0x00000000eaf80000,0x00000000eb3081c0,0x00000000eb380000)
  to   space 5632K, 0% used [0x00000000eb600000,0x00000000eb600000,0x00000000ebb80000)
 ParOldGen       total 154112K, used 121653K [0x00000000c0000000, 0x00000000c9680000, 0x00000000eab00000)
  object space 154112K, 78% used [0x00000000c0000000,0x00000000c76cd7d8,0x00000000c9680000)
 Metaspace       used 78837K, committed 80192K, reserved 1179648K
  class space    used 8174K, committed 8768K, reserved 1048576K
}
Event: 1281.061 GC heap after
{Heap after GC invocations=319 (full 11):
 PSYoungGen      total 10240K, used 4264K [0x00000000eab00000, 0x00000000eba80000, 0x0000000100000000)
  eden space 5632K, 0% used [0x00000000eab00000,0x00000000eab00000,0x00000000eb080000)
  from space 4608K, 92% used [0x00000000eb600000,0x00000000eba2a000,0x00000000eba80000)
  to   space 4608K, 0% used [0x00000000eb180000,0x00000000eb180000,0x00000000eb600000)
 ParOldGen       total 154112K, used 125230K [0x00000000c0000000, 0x00000000c9680000, 0x00000000eab00000)
  object space 154112K, 81% used [0x00000000c0000000,0x00000000c7a4b998,0x00000000c9680000)
 Metaspace       used 78837K, committed 80192K, reserved 1179648K
  class space    used 8174K, committed 8768K, reserved 1048576K
}
Event: 1283.581 GC heap before
{Heap before GC invocations=320 (full 11):
 PSYoungGen      total 10240K, used 9896K [0x00000000eab00000, 0x00000000eba80000, 0x0000000100000000)
  eden space 5632K, 100% used [0x00000000eab00000,0x00000000eb080000,0x00000000eb080000)
  from space 4608K, 92% used [0x00000000eb600000,0x00000000eba2a000,0x00000000eba80000)
  to   space 4608K, 0% used [0x00000000eb180000,0x00000000eb180000,0x00000000eb600000)
 ParOldGen       total 154112K, used 125230K [0x00000000c0000000, 0x00000000c9680000, 0x00000000eab00000)
  object space 154112K, 81% used [0x00000000c0000000,0x00000000c7a4b998,0x00000000c9680000)
 Metaspace       used 78872K, committed 80256K, reserved 1179648K
  class space    used 8174K, committed 8768K, reserved 1048576K
}
Event: 1283.588 GC heap after
{Heap after GC invocations=320 (full 11):
 PSYoungGen      total 9216K, used 2340K [0x00000000eab00000, 0x00000000eb780000, 0x0000000100000000)
  eden space 6656K, 0% used [0x00000000eab00000,0x00000000eab00000,0x00000000eb180000)
  from space 2560K, 91% used [0x00000000eb180000,0x00000000eb3c9230,0x00000000eb400000)
  to   space 3072K, 0% used [0x00000000eb480000,0x00000000eb480000,0x00000000eb780000)
 ParOldGen       total 154112K, used 129294K [0x00000000c0000000, 0x00000000c9680000, 0x00000000eab00000)
  object space 154112K, 83% used [0x00000000c0000000,0x00000000c7e43998,0x00000000c9680000)
 Metaspace       used 78872K, committed 80256K, reserved 1179648K
  class space    used 8174K, committed 8768K, reserved 1048576K
}
Event: 1287.985 GC heap before
{Heap before GC invocations=321 (full 11):
 PSYoungGen      total 9216K, used 8996K [0x00000000eab00000, 0x00000000eb780000, 0x0000000100000000)
  eden space 6656K, 99% used [0x00000000eab00000,0x00000000eb17ffe8,0x00000000eb180000)
  from space 2560K, 91% used [0x00000000eb180000,0x00000000eb3c9230,0x00000000eb400000)
  to   space 3072K, 0% used [0x00000000eb480000,0x00000000eb480000,0x00000000eb780000)
 ParOldGen       total 154112K, used 129294K [0x00000000c0000000, 0x00000000c9680000, 0x00000000eab00000)
  object space 154112K, 83% used [0x00000000c0000000,0x00000000c7e43998,0x00000000c9680000)
 Metaspace       used 78889K, committed 80256K, reserved 1179648K
  class space    used 8174K, committed 8768K, reserved 1048576K
}
Event: 1287.991 GC heap after
{Heap after GC invocations=321 (full 11):
 PSYoungGen      total 7168K, used 128K [0x00000000eab00000, 0x00000000eb500000, 0x0000000100000000)
  eden space 6656K, 0% used [0x00000000eab00000,0x00000000eab00000,0x00000000eb180000)
  from space 512K, 25% used [0x00000000eb480000,0x00000000eb4a0000,0x00000000eb500000)
  to   space 1536K, 0% used [0x00000000eb200000,0x00000000eb200000,0x00000000eb380000)
 ParOldGen       total 154112K, used 131070K [0x00000000c0000000, 0x00000000c9680000, 0x00000000eab00000)
  object space 154112K, 85% used [0x00000000c0000000,0x00000000c7fff9b8,0x00000000c9680000)
 Metaspace       used 78889K, committed 80256K, reserved 1179648K
  class space    used 8174K, committed 8768K, reserved 1048576K
}
Event: 1292.341 GC heap before
{Heap before GC invocations=322 (full 11):
 PSYoungGen      total 7168K, used 6784K [0x00000000eab00000, 0x00000000eb500000, 0x0000000100000000)
  eden space 6656K, 100% used [0x00000000eab00000,0x00000000eb180000,0x00000000eb180000)
  from space 512K, 25% used [0x00000000eb480000,0x00000000eb4a0000,0x00000000eb500000)
  to   space 1536K, 0% used [0x00000000eb200000,0x00000000eb200000,0x00000000eb380000)
 ParOldGen       total 154112K, used 131070K [0x00000000c0000000, 0x00000000c9680000, 0x00000000eab00000)
  object space 154112K, 85% used [0x00000000c0000000,0x00000000c7fff9b8,0x00000000c9680000)
 Metaspace       used 78914K, committed 80320K, reserved 1179648K
  class space    used 8175K, committed 8768K, reserved 1048576K
}
Event: 1292.342 GC heap after
{Heap after GC invocations=322 (full 11):
 PSYoungGen      total 8192K, used 981K [0x00000000eab00000, 0x00000000eb500000, 0x0000000100000000)
  eden space 6656K, 0% used [0x00000000eab00000,0x00000000eab00000,0x00000000eb180000)
  from space 1536K, 63% used [0x00000000eb200000,0x00000000eb2f5588,0x00000000eb380000)
  to   space 1536K, 0% used [0x00000000eb380000,0x00000000eb380000,0x00000000eb500000)
 ParOldGen       total 154112K, used 131070K [0x00000000c0000000, 0x00000000c9680000, 0x00000000eab00000)
  object space 154112K, 85% used [0x00000000c0000000,0x00000000c7fff9b8,0x00000000c9680000)
 Metaspace       used 78914K, committed 80320K, reserved 1179648K
  class space    used 8175K, committed 8768K, reserved 1048576K
}
Event: 1316.792 GC heap before
{Heap before GC invocations=323 (full 11):
 PSYoungGen      total 8192K, used 7637K [0x00000000eab00000, 0x00000000eb500000, 0x0000000100000000)
  eden space 6656K, 100% used [0x00000000eab00000,0x00000000eb180000,0x00000000eb180000)
  from space 1536K, 63% used [0x00000000eb200000,0x00000000eb2f5588,0x00000000eb380000)
  to   space 1536K, 0% used [0x00000000eb380000,0x00000000eb380000,0x00000000eb500000)
 ParOldGen       total 154112K, used 131070K [0x00000000c0000000, 0x00000000c9680000, 0x00000000eab00000)
  object space 154112K, 85% used [0x00000000c0000000,0x00000000c7fff9b8,0x00000000c9680000)
 Metaspace       used 78942K, committed 80320K, reserved 1179648K
  class space    used 8176K, committed 8768K, reserved 1048576K
}
Event: 1316.794 GC heap after
{Heap after GC invocations=323 (full 11):
 PSYoungGen      total 7168K, used 256K [0x00000000eab00000, 0x00000000eb400000, 0x0000000100000000)
  eden space 6656K, 0% used [0x00000000eab00000,0x00000000eab00000,0x00000000eb180000)
  from space 512K, 50% used [0x00000000eb380000,0x00000000eb3c0020,0x00000000eb400000)
  to   space 1024K, 0% used [0x00000000eb200000,0x00000000eb200000,0x00000000eb300000)
 ParOldGen       total 154112K, used 131070K [0x00000000c0000000, 0x00000000c9680000, 0x00000000eab00000)
  object space 154112K, 85% used [0x00000000c0000000,0x00000000c7fff9b8,0x00000000c9680000)
 Metaspace       used 78942K, committed 80320K, reserved 1179648K
  class space    used 8176K, committed 8768K, reserved 1048576K
}
Event: 1316.874 GC heap before
{Heap before GC invocations=324 (full 11):
 PSYoungGen      total 7168K, used 6912K [0x00000000eab00000, 0x00000000eb400000, 0x0000000100000000)
  eden space 6656K, 100% used [0x00000000eab00000,0x00000000eb180000,0x00000000eb180000)
  from space 512K, 50% used [0x00000000eb380000,0x00000000eb3c0020,0x00000000eb400000)
  to   space 1024K, 0% used [0x00000000eb200000,0x00000000eb200000,0x00000000eb300000)
 ParOldGen       total 154112K, used 131070K [0x00000000c0000000, 0x00000000c9680000, 0x00000000eab00000)
  object space 154112K, 85% used [0x00000000c0000000,0x00000000c7fff9b8,0x00000000c9680000)
 Metaspace       used 78953K, committed 80384K, reserved 1179648K
  class space    used 8176K, committed 8768K, reserved 1048576K
}
Event: 1316.875 GC heap after
{Heap after GC invocations=324 (full 11):
 PSYoungGen      total 7680K, used 644K [0x00000000eab00000, 0x00000000eb400000, 0x0000000100000000)
  eden space 6656K, 0% used [0x00000000eab00000,0x00000000eab00000,0x00000000eb180000)
  from space 1024K, 62% used [0x00000000eb200000,0x00000000eb2a1210,0x00000000eb300000)
  to   space 1024K, 0% used [0x00000000eb300000,0x00000000eb300000,0x00000000eb400000)
 ParOldGen       total 154112K, used 131070K [0x00000000c0000000, 0x00000000c9680000, 0x00000000eab00000)
  object space 154112K, 85% used [0x00000000c0000000,0x00000000c7fff9b8,0x00000000c9680000)
 Metaspace       used 78953K, committed 80384K, reserved 1179648K
  class space    used 8176K, committed 8768K, reserved 1048576K
}
Event: 1317.210 GC heap before
{Heap before GC invocations=325 (full 11):
 PSYoungGen      total 7680K, used 7300K [0x00000000eab00000, 0x00000000eb400000, 0x0000000100000000)
  eden space 6656K, 100% used [0x00000000eab00000,0x00000000eb180000,0x00000000eb180000)
  from space 1024K, 62% used [0x00000000eb200000,0x00000000eb2a1210,0x00000000eb300000)
  to   space 1024K, 0% used [0x00000000eb300000,0x00000000eb300000,0x00000000eb400000)
 ParOldGen       total 154112K, used 131070K [0x00000000c0000000, 0x00000000c9680000, 0x00000000eab00000)
  object space 154112K, 85% used [0x00000000c0000000,0x00000000c7fff9b8,0x00000000c9680000)
 Metaspace       used 79445K, committed 80960K, reserved 1179648K
  class space    used 8242K, committed 8896K, reserved 1048576K
}
Event: 1317.212 GC heap after
{Heap after GC invocations=325 (full 11):
 PSYoungGen      total 7680K, used 996K [0x00000000eab00000, 0x00000000eb480000, 0x0000000100000000)
  eden space 6656K, 0% used [0x00000000eab00000,0x00000000eab00000,0x00000000eb180000)
  from space 1024K, 97% used [0x00000000eb300000,0x00000000eb3f9230,0x00000000eb400000)
  to   space 1536K, 0% used [0x00000000eb180000,0x00000000eb180000,0x00000000eb300000)
 ParOldGen       total 154112K, used 131078K [0x00000000c0000000, 0x00000000c9680000, 0x00000000eab00000)
  object space 154112K, 85% used [0x00000000c0000000,0x00000000c80019b8,0x00000000c9680000)
 Metaspace       used 79445K, committed 80960K, reserved 1179648K
  class space    used 8242K, committed 8896K, reserved 1048576K
}
Event: 1317.244 GC heap before
{Heap before GC invocations=326 (full 11):
 PSYoungGen      total 7680K, used 7652K [0x00000000eab00000, 0x00000000eb480000, 0x0000000100000000)
  eden space 6656K, 100% used [0x00000000eab00000,0x00000000eb180000,0x00000000eb180000)
  from space 1024K, 97% used [0x00000000eb300000,0x00000000eb3f9230,0x00000000eb400000)
  to   space 1536K, 0% used [0x00000000eb180000,0x00000000eb180000,0x00000000eb300000)
 ParOldGen       total 154112K, used 131078K [0x00000000c0000000, 0x00000000c9680000, 0x00000000eab00000)
  object space 154112K, 85% used [0x00000000c0000000,0x00000000c80019b8,0x00000000c9680000)
 Metaspace       used 79448K, committed 80960K, reserved 1179648K
  class space    used 8242K, committed 8896K, reserved 1048576K
}
Event: 1317.250 GC heap after
{Heap after GC invocations=326 (full 11):
 PSYoungGen      total 8192K, used 1524K [0x00000000eab00000, 0x00000000ec180000, 0x0000000100000000)
  eden space 6656K, 0% used [0x00000000eab00000,0x00000000eab00000,0x00000000eb180000)
  from space 1536K, 99% used [0x00000000eb180000,0x00000000eb2fd3c0,0x00000000eb300000)
  to   space 8192K, 0% used [0x00000000eb980000,0x00000000eb980000,0x00000000ec180000)
 ParOldGen       total 154112K, used 136390K [0x00000000c0000000, 0x00000000c9680000, 0x00000000eab00000)
  object space 154112K, 88% used [0x00000000c0000000,0x00000000c8531a08,0x00000000c9680000)
 Metaspace       used 79448K, committed 80960K, reserved 1179648K
  class space    used 8242K, committed 8896K, reserved 1048576K
}
Event: 1317.298 GC heap before
{Heap before GC invocations=327 (full 11):
 PSYoungGen      total 8192K, used 8174K [0x00000000eab00000, 0x00000000ec180000, 0x0000000100000000)
  eden space 6656K, 99% used [0x00000000eab00000,0x00000000eb17e7a0,0x00000000eb180000)
  from space 1536K, 99% used [0x00000000eb180000,0x00000000eb2fd3c0,0x00000000eb300000)
  to   space 8192K, 0% used [0x00000000eb980000,0x00000000eb980000,0x00000000ec180000)
 ParOldGen       total 154112K, used 136390K [0x00000000c0000000, 0x00000000c9680000, 0x00000000eab00000)
  object space 154112K, 88% used [0x00000000c0000000,0x00000000c8531a08,0x00000000c9680000)
 Metaspace       used 79461K, committed 80960K, reserved 1179648K
  class space    used 8242K, committed 8896K, reserved 1048576K
}
Event: 1317.302 GC heap after
{Heap after GC invocations=327 (full 11):
 PSYoungGen      total 14336K, used 7824K [0x00000000eab00000, 0x00000000ec280000, 0x0000000100000000)
  eden space 6144K, 0% used [0x00000000eab00000,0x00000000eab00000,0x00000000eb100000)
  from space 8192K, 95% used [0x00000000eb980000,0x00000000ec1241d0,0x00000000ec180000)
  to   space 8704K, 0% used [0x00000000eb100000,0x00000000eb100000,0x00000000eb980000)
 ParOldGen       total 154112K, used 136563K [0x00000000c0000000, 0x00000000c9680000, 0x00000000eab00000)
  object space 154112K, 88% used [0x00000000c0000000,0x00000000c855cc08,0x00000000c9680000)
 Metaspace       used 79461K, committed 80960K, reserved 1179648K
  class space    used 8242K, committed 8896K, reserved 1048576K
}
Event: 1317.320 GC heap before
{Heap before GC invocations=328 (full 11):
 PSYoungGen      total 14336K, used 13968K [0x00000000eab00000, 0x00000000ec280000, 0x0000000100000000)
  eden space 6144K, 100% used [0x00000000eab00000,0x00000000eb100000,0x00000000eb100000)
  from space 8192K, 95% used [0x00000000eb980000,0x00000000ec1241d0,0x00000000ec180000)
  to   space 8704K, 0% used [0x00000000eb100000,0x00000000eb100000,0x00000000eb980000)
 ParOldGen       total 154112K, used 136563K [0x00000000c0000000, 0x00000000c9680000, 0x00000000eab00000)
  object space 154112K, 88% used [0x00000000c0000000,0x00000000c855cc08,0x00000000c9680000)
 Metaspace       used 79461K, committed 80960K, reserved 1179648K
  class space    used 8242K, committed 8896K, reserved 1048576K
}

