# JRE version: Java(TM) SE Runtime Environment (21.0.1+12) (build 21.0.1+12-LTS-29)
# Java VM: Java HotSpot(TM) 64-Bit Server VM (21.0.1+12-LTS-29, mixed mode, sharing, tiered, compressed oops, compressed class ptrs, parallel gc, windows-amd64)
GC Precious Log:
 CardTable entry size: 512
 CPUs: 4 total, 4 available
 Memory: 14987M
 Large Page Support: Disabled
 NUMA Support: Disabled
 Compressed Oops: Enabled (32-bit)
 Alignments: Space 512K, Generation 512K, Heap 2M
 Heap Min Capacity: 100M
 Heap Initial Capacity: 100M
 Heap Max Capacity: 1G
 Pre-touch: Disabled
 Parallel Workers: 4
Heap:
 PSYoungGen      total 6144K, used 4644K [0x00000000eab00000, 0x00000000eb280000, 0x0000000100000000)
  eden space 5120K, 79% used [0x00000000eab00000,0x00000000eaef81a8,0x00000000eb000000)
  from space 1024K, 56% used [0x00000000eb180000,0x00000000eb211210,0x00000000eb280000)
  to   space 1024K, 0% used [0x00000000eb080000,0x00000000eb080000,0x00000000eb180000)
 ParOldGen       total 182784K, used 143417K [0x00000000c0000000, 0x00000000cb280000, 0x00000000eab00000)
  object space 182784K, 78% used [0x00000000c0000000,0x00000000c8c0e760,0x00000000cb280000)
 Metaspace       used 101703K, committed 103424K, reserved 1179648K
  class space    used 10142K, committed 10944K, reserved 1048576K
GC Heap History (20 events):
Event: 22793.940 GC heap before
{Heap before GC invocations=8535 (full 163):
 PSYoungGen      total 4096K, used 3616K [0x00000000eab00000, 0x00000000eb100000, 0x0000000100000000)
  eden space 3072K, 100% used [0x00000000eab00000,0x00000000eae00000,0x00000000eae00000)
  from space 1024K, 53% used [0x00000000eb000000,0x00000000eb088000,0x00000000eb100000)
  to   space 1536K, 0% used [0x00000000eae00000,0x00000000eae00000,0x00000000eaf80000)
 ParOldGen       total 180736K, used 171615K [0x00000000c0000000, 0x00000000cb080000, 0x00000000eab00000)
  object space 180736K, 94% used [0x00000000c0000000,0x00000000ca797f78,0x00000000cb080000)
 Metaspace       used 101727K, committed 103488K, reserved 1179648K
  class space    used 10146K, committed 11008K, reserved 1048576K
}
Event: 22793.943 GC heap after
{Heap after GC invocations=8535 (full 163):
 PSYoungGen      total 4608K, used 480K [0x00000000eab00000, 0x00000000eb100000, 0x0000000100000000)
  eden space 3072K, 0% used [0x00000000eab00000,0x00000000eab00000,0x00000000eae00000)
  from space 1536K, 31% used [0x00000000eae00000,0x00000000eae78000,0x00000000eaf80000)
  to   space 1024K, 0% used [0x00000000eb000000,0x00000000eb000000,0x00000000eb100000)
 ParOldGen       total 180736K, used 172119K [0x00000000c0000000, 0x00000000cb080000, 0x00000000eab00000)
  object space 180736K, 95% used [0x00000000c0000000,0x00000000ca815f78,0x00000000cb080000)
 Metaspace       used 101727K, committed 103488K, reserved 1179648K
  class space    used 10146K, committed 11008K, reserved 1048576K
}
Event: 22793.948 GC heap before
{Heap before GC invocations=8536 (full 163):
 PSYoungGen      total 4608K, used 3552K [0x00000000eab00000, 0x00000000eb100000, 0x0000000100000000)
  eden space 3072K, 100% used [0x00000000eab00000,0x00000000eae00000,0x00000000eae00000)
  from space 1536K, 31% used [0x00000000eae00000,0x00000000eae78000,0x00000000eaf80000)
  to   space 1024K, 0% used [0x00000000eb000000,0x00000000eb000000,0x00000000eb100000)
 ParOldGen       total 180736K, used 172119K [0x00000000c0000000, 0x00000000cb080000, 0x00000000eab00000)
  object space 180736K, 95% used [0x00000000c0000000,0x00000000ca815f78,0x00000000cb080000)
 Metaspace       used 101727K, committed 103488K, reserved 1179648K
  class space    used 10146K, committed 11008K, reserved 1048576K
}
Event: 22793.950 GC heap after
{Heap after GC invocations=8536 (full 163):
 PSYoungGen      total 4608K, used 250K [0x00000000eab00000, 0x00000000eb080000, 0x0000000100000000)
  eden space 4096K, 0% used [0x00000000eab00000,0x00000000eab00000,0x00000000eaf00000)
  from space 512K, 48% used [0x00000000eb000000,0x00000000eb03e900,0x00000000eb080000)
  to   space 512K, 0% used [0x00000000eaf80000,0x00000000eaf80000,0x00000000eb000000)
 ParOldGen       total 180736K, used 172559K [0x00000000c0000000, 0x00000000cb080000, 0x00000000eab00000)
  object space 180736K, 95% used [0x00000000c0000000,0x00000000ca883f78,0x00000000cb080000)
 Metaspace       used 101727K, committed 103488K, reserved 1179648K
  class space    used 10146K, committed 11008K, reserved 1048576K
}
Event: 22793.957 GC heap before
{Heap before GC invocations=8537 (full 163):
 PSYoungGen      total 4608K, used 4346K [0x00000000eab00000, 0x00000000eb080000, 0x0000000100000000)
  eden space 4096K, 100% used [0x00000000eab00000,0x00000000eaf00000,0x00000000eaf00000)
  from space 512K, 48% used [0x00000000eb000000,0x00000000eb03e900,0x00000000eb080000)
  to   space 512K, 0% used [0x00000000eaf80000,0x00000000eaf80000,0x00000000eb000000)
 ParOldGen       total 180736K, used 172559K [0x00000000c0000000, 0x00000000cb080000, 0x00000000eab00000)
  object space 180736K, 95% used [0x00000000c0000000,0x00000000ca883f78,0x00000000cb080000)
 Metaspace       used 101727K, committed 103488K, reserved 1179648K
  class space    used 10146K, committed 11008K, reserved 1048576K
}
Event: 22793.959 GC heap after
{Heap after GC invocations=8537 (full 163):
 PSYoungGen      total 5120K, used 512K [0x00000000eab00000, 0x00000000eb200000, 0x0000000100000000)
  eden space 4608K, 0% used [0x00000000eab00000,0x00000000eab00000,0x00000000eaf80000)
  from space 512K, 100% used [0x00000000eaf80000,0x00000000eb000000,0x00000000eb000000)
  to   space 1024K, 0% used [0x00000000eb100000,0x00000000eb100000,0x00000000eb200000)
 ParOldGen       total 180736K, used 172824K [0x00000000c0000000, 0x00000000cb080000, 0x00000000eab00000)
  object space 180736K, 95% used [0x00000000c0000000,0x00000000ca8c6198,0x00000000cb080000)
 Metaspace       used 101727K, committed 103488K, reserved 1179648K
  class space    used 10146K, committed 11008K, reserved 1048576K
}
Event: 22793.971 GC heap before
{Heap before GC invocations=8538 (full 163):
 PSYoungGen      total 5120K, used 5120K [0x00000000eab00000, 0x00000000eb200000, 0x0000000100000000)
  eden space 4608K, 100% used [0x00000000eab00000,0x00000000eaf80000,0x00000000eaf80000)
  from space 512K, 100% used [0x00000000eaf80000,0x00000000eb000000,0x00000000eb000000)
  to   space 1024K, 0% used [0x00000000eb100000,0x00000000eb100000,0x00000000eb200000)
 ParOldGen       total 180736K, used 172824K [0x00000000c0000000, 0x00000000cb080000, 0x00000000eab00000)
  object space 180736K, 95% used [0x00000000c0000000,0x00000000ca8c6198,0x00000000cb080000)
 Metaspace       used 101727K, committed 103488K, reserved 1179648K
  class space    used 10146K, committed 11008K, reserved 1048576K
}
Event: 22793.974 GC heap after
{Heap after GC invocations=8538 (full 163):
 PSYoungGen      total 3584K, used 1018K [0x00000000eab00000, 0x00000000eb780000, 0x0000000100000000)
  eden space 2560K, 0% used [0x00000000eab00000,0x00000000eab00000,0x00000000ead80000)
  from space 1024K, 99% used [0x00000000eb100000,0x00000000eb1fe9e0,0x00000000eb200000)
  to   space 3584K, 0% used [0x00000000ead80000,0x00000000ead80000,0x00000000eb100000)
 ParOldGen       total 180736K, used 174648K [0x00000000c0000000, 0x00000000cb080000, 0x00000000eab00000)
  object space 180736K, 96% used [0x00000000c0000000,0x00000000caa8e278,0x00000000cb080000)
 Metaspace       used 101727K, committed 103488K, reserved 1179648K
  class space    used 10146K, committed 11008K, reserved 1048576K
}
Event: 22793.982 GC heap before
{Heap before GC invocations=8539 (full 163):
 PSYoungGen      total 3584K, used 3578K [0x00000000eab00000, 0x00000000eb780000, 0x0000000100000000)
  eden space 2560K, 100% used [0x00000000eab00000,0x00000000ead80000,0x00000000ead80000)
  from space 1024K, 99% used [0x00000000eb100000,0x00000000eb1fe9e0,0x00000000eb200000)
  to   space 3584K, 0% used [0x00000000ead80000,0x00000000ead80000,0x00000000eb100000)
 ParOldGen       total 180736K, used 174648K [0x00000000c0000000, 0x00000000cb080000, 0x00000000eab00000)
  object space 180736K, 96% used [0x00000000c0000000,0x00000000caa8e278,0x00000000cb080000)
 Metaspace       used 101727K, committed 103488K, reserved 1179648K
  class space    used 10146K, committed 11008K, reserved 1048576K
}
Event: 22793.986 GC heap after
{Heap after GC invocations=8539 (full 163):
 PSYoungGen      total 6144K, used 2592K [0x00000000eab00000, 0x00000000eb400000, 0x0000000100000000)
  eden space 2560K, 0% used [0x00000000eab00000,0x00000000eab00000,0x00000000ead80000)
  from space 3584K, 72% used [0x00000000ead80000,0x00000000eb008000,0x00000000eb100000)
  to   space 3072K, 0% used [0x00000000eb100000,0x00000000eb100000,0x00000000eb400000)
 ParOldGen       total 180736K, used 175691K [0x00000000c0000000, 0x00000000cb080000, 0x00000000eab00000)
  object space 180736K, 97% used [0x00000000c0000000,0x00000000cab92f60,0x00000000cb080000)
 Metaspace       used 101727K, committed 103488K, reserved 1179648K
  class space    used 10146K, committed 11008K, reserved 1048576K
}
Event: 22793.992 GC heap before
{Heap before GC invocations=8540 (full 163):
 PSYoungGen      total 6144K, used 5152K [0x00000000eab00000, 0x00000000eb400000, 0x0000000100000000)
  eden space 2560K, 100% used [0x00000000eab00000,0x00000000ead80000,0x00000000ead80000)
  from space 3584K, 72% used [0x00000000ead80000,0x00000000eb008000,0x00000000eb100000)
  to   space 3072K, 0% used [0x00000000eb100000,0x00000000eb100000,0x00000000eb400000)
 ParOldGen       total 180736K, used 175691K [0x00000000c0000000, 0x00000000cb080000, 0x00000000eab00000)
  object space 180736K, 97% used [0x00000000c0000000,0x00000000cab92f60,0x00000000cb080000)
 Metaspace       used 101727K, committed 103488K, reserved 1179648K
  class space    used 10146K, committed 11008K, reserved 1048576K
}
Event: 22793.997 GC heap after
{Heap after GC invocations=8540 (full 163):
 PSYoungGen      total 6144K, used 2592K [0x00000000eab00000, 0x00000000eb400000, 0x0000000100000000)
  eden space 3072K, 0% used [0x00000000eab00000,0x00000000eab00000,0x00000000eae00000)
  from space 3072K, 84% used [0x00000000eb100000,0x00000000eb388000,0x00000000eb400000)
  to   space 3072K, 0% used [0x00000000eae00000,0x00000000eae00000,0x00000000eb100000)
 ParOldGen       total 180736K, used 178259K [0x00000000c0000000, 0x00000000cb080000, 0x00000000eab00000)
  object space 180736K, 98% used [0x00000000c0000000,0x00000000cae14f60,0x00000000cb080000)
 Metaspace       used 101727K, committed 103488K, reserved 1179648K
  class space    used 10146K, committed 11008K, reserved 1048576K
}
Event: 22793.997 GC heap before
{Heap before GC invocations=8541 (full 164):
 PSYoungGen      total 6144K, used 2592K [0x00000000eab00000, 0x00000000eb400000, 0x0000000100000000)
  eden space 3072K, 0% used [0x00000000eab00000,0x00000000eab00000,0x00000000eae00000)
  from space 3072K, 84% used [0x00000000eb100000,0x00000000eb388000,0x00000000eb400000)
  to   space 3072K, 0% used [0x00000000eae00000,0x00000000eae00000,0x00000000eb100000)
 ParOldGen       total 180736K, used 178259K [0x00000000c0000000, 0x00000000cb080000, 0x00000000eab00000)
  object space 180736K, 98% used [0x00000000c0000000,0x00000000cae14f60,0x00000000cb080000)
 Metaspace       used 101727K, committed 103488K, reserved 1179648K
  class space    used 10146K, committed 11008K, reserved 1048576K
}
Event: 22794.288 GC heap after
{Heap after GC invocations=8541 (full 164):
 PSYoungGen      total 6144K, used 0K [0x00000000eab00000, 0x00000000eb500000, 0x0000000100000000)
  eden space 3072K, 0% used [0x00000000eab00000,0x00000000eab00000,0x00000000eae00000)
  from space 3072K, 0% used [0x00000000eae00000,0x00000000eae00000,0x00000000eb100000)
  to   space 3072K, 0% used [0x00000000eb200000,0x00000000eb200000,0x00000000eb500000)
 ParOldGen       total 182784K, used 141989K [0x00000000c0000000, 0x00000000cb280000, 0x00000000eab00000)
  object space 182784K, 77% used [0x00000000c0000000,0x00000000c8aa9560,0x00000000cb280000)
 Metaspace       used 101703K, committed 103424K, reserved 1179648K
  class space    used 10142K, committed 10944K, reserved 1048576K
}
Event: 22794.301 GC heap before
{Heap before GC invocations=8542 (full 164):
 PSYoungGen      total 6144K, used 3071K [0x00000000eab00000, 0x00000000eb500000, 0x0000000100000000)
  eden space 3072K, 99% used [0x00000000eab00000,0x00000000eadfffe8,0x00000000eae00000)
  from space 3072K, 0% used [0x00000000eae00000,0x00000000eae00000,0x00000000eb100000)
  to   space 3072K, 0% used [0x00000000eb200000,0x00000000eb200000,0x00000000eb500000)
 ParOldGen       total 182784K, used 141989K [0x00000000c0000000, 0x00000000cb280000, 0x00000000eab00000)
  object space 182784K, 77% used [0x00000000c0000000,0x00000000c8aa9560,0x00000000cb280000)
 Metaspace       used 101703K, committed 103424K, reserved 1179648K
  class space    used 10142K, committed 10944K, reserved 1048576K
}
Event: 22794.303 GC heap after
{Heap after GC invocations=8542 (full 164):
 PSYoungGen      total 5120K, used 916K [0x00000000eab00000, 0x00000000eb300000, 0x0000000100000000)
  eden space 4096K, 0% used [0x00000000eab00000,0x00000000eab00000,0x00000000eaf00000)
  from space 1024K, 89% used [0x00000000eb200000,0x00000000eb2e5200,0x00000000eb300000)
  to   space 2048K, 0% used [0x00000000eaf00000,0x00000000eaf00000,0x00000000eb100000)
 ParOldGen       total 182784K, used 141989K [0x00000000c0000000, 0x00000000cb280000, 0x00000000eab00000)
  object space 182784K, 77% used [0x00000000c0000000,0x00000000c8aa9560,0x00000000cb280000)
 Metaspace       used 101703K, committed 103424K, reserved 1179648K
  class space    used 10142K, committed 10944K, reserved 1048576K
}
Event: 22794.315 GC heap before
{Heap before GC invocations=8543 (full 164):
 PSYoungGen      total 5120K, used 5012K [0x00000000eab00000, 0x00000000eb300000, 0x0000000100000000)
  eden space 4096K, 100% used [0x00000000eab00000,0x00000000eaf00000,0x00000000eaf00000)
  from space 1024K, 89% used [0x00000000eb200000,0x00000000eb2e5200,0x00000000eb300000)
  to   space 2048K, 0% used [0x00000000eaf00000,0x00000000eaf00000,0x00000000eb100000)
 ParOldGen       total 182784K, used 141989K [0x00000000c0000000, 0x00000000cb280000, 0x00000000eab00000)
  object space 182784K, 77% used [0x00000000c0000000,0x00000000c8aa9560,0x00000000cb280000)
 Metaspace       used 101703K, committed 103424K, reserved 1179648K
  class space    used 10142K, committed 10944K, reserved 1048576K
}
Event: 22794.317 GC heap after
{Heap after GC invocations=8543 (full 164):
 PSYoungGen      total 6144K, used 608K [0x00000000eab00000, 0x00000000eb280000, 0x0000000100000000)
  eden space 4096K, 0% used [0x00000000eab00000,0x00000000eab00000,0x00000000eaf00000)
  from space 2048K, 29% used [0x00000000eaf00000,0x00000000eaf98000,0x00000000eb100000)
  to   space 1024K, 0% used [0x00000000eb180000,0x00000000eb180000,0x00000000eb280000)
 ParOldGen       total 182784K, used 142881K [0x00000000c0000000, 0x00000000cb280000, 0x00000000eab00000)
  object space 182784K, 78% used [0x00000000c0000000,0x00000000c8b88760,0x00000000cb280000)
 Metaspace       used 101703K, committed 103424K, reserved 1179648K
  class space    used 10142K, committed 10944K, reserved 1048576K
}
Event: 22794.329 GC heap before
{Heap before GC invocations=8544 (full 164):
 PSYoungGen      total 6144K, used 4704K [0x00000000eab00000, 0x00000000eb280000, 0x0000000100000000)
  eden space 4096K, 100% used [0x00000000eab00000,0x00000000eaf00000,0x00000000eaf00000)
  from space 2048K, 29% used [0x00000000eaf00000,0x00000000eaf98000,0x00000000eb100000)
  to   space 1024K, 0% used [0x00000000eb180000,0x00000000eb180000,0x00000000eb280000)
 ParOldGen       total 182784K, used 142881K [0x00000000c0000000, 0x00000000cb280000, 0x00000000eab00000)
  object space 182784K, 78% used [0x00000000c0000000,0x00000000c8b88760,0x00000000cb280000)
 Metaspace       used 101703K, committed 103424K, reserved 1179648K
  class space    used 10142K, committed 10944K, reserved 1048576K
}
Event: 22794.331 GC heap after
{Heap after GC invocations=8544 (full 164):
 PSYoungGen      total 6144K, used 580K [0x00000000eab00000, 0x00000000eb280000, 0x0000000100000000)
  eden space 5120K, 0% used [0x00000000eab00000,0x00000000eab00000,0x00000000eb000000)
  from space 1024K, 56% used [0x00000000eb180000,0x00000000eb211210,0x00000000eb280000)
  to   space 1024K, 0% used [0x00000000eb080000,0x00000000eb080000,0x00000000eb180000)
 ParOldGen       total 182784K, used 143417K [0x00000000c0000000, 0x00000000cb280000, 0x00000000eab00000)
  object space 182784K, 78% used [0x00000000c0000000,0x00000000c8c0e760,0x00000000cb280000)
 Metaspace       used 101703K, committed 103424K, reserved 1179648K
  class space    used 10142K, committed 10944K, reserved 1048576K
}

