# JRE version: OpenJDK Runtime Environment Temurin-17.0.9+9 (17.0.9+9) (build 17.0.9+9)
# Java VM: OpenJDK 64-Bit Server VM Temurin-17.0.9+9 (17.0.9+9, mixed mode, sharing, tiered, compressed oops, compressed class ptrs, g1 gc, windows-amd64)
GC Precious Log:
 CPUs: 4 total, 4 available
 Memory: 14987M
 Large Page Support: Disabled
 NUMA Support: Disabled
 Compressed Oops: Enabled (Zero based)
 Heap Region Size: 2M
 Heap Min Capacity: 8M
 Heap Initial Capacity: 236M
 Heap Max Capacity: 3748M
 Pre-touch: Disabled
 Parallel Workers: 4
 Concurrent Workers: 1
 Concurrent Refinement Workers: 4
 Periodic GC: Disabled
Heap:
 garbage-first heap   total 149504K, used 94155K [0x0000000715c00000, 0x0000000800000000)
  region size 2048K, 36 young (73728K), 2 survivors (4096K)
 Metaspace       used 72117K, committed 72704K, reserved 1114112K
  class space    used 9856K, committed 10112K, reserved 1048576K
GC Heap History (20 events):
Event: 5.006 GC heap before
{Heap before GC invocations=5 (full 0):
 garbage-first heap   total 55296K, used 37746K [0x0000000715c00000, 0x0000000800000000)
  region size 2048K, 16 young (32768K), 4 survivors (8192K)
 Metaspace       used 26606K, committed 27072K, reserved 1114112K
  class space    used 3351K, committed 3584K, reserved 1048576K
}
Event: 5.025 GC heap after
{Heap after GC invocations=6 (full 0):
 garbage-first heap   total 55296K, used 16038K [0x0000000715c00000, 0x0000000800000000)
  region size 2048K, 2 young (4096K), 2 survivors (4096K)
 Metaspace       used 26606K, committed 27072K, reserved 1114112K
  class space    used 3351K, committed 3584K, reserved 1048576K
}
Event: 6.004 GC heap before
{Heap before GC invocations=6 (full 0):
 garbage-first heap   total 55296K, used 34470K [0x0000000715c00000, 0x0000000800000000)
  region size 2048K, 11 young (22528K), 2 survivors (4096K)
 Metaspace       used 30033K, committed 30464K, reserved 1114112K
  class space    used 3809K, committed 3968K, reserved 1048576K
}
Event: 6.011 GC heap after
{Heap after GC invocations=7 (full 0):
 garbage-first heap   total 55296K, used 17379K [0x0000000715c00000, 0x0000000800000000)
  region size 2048K, 1 young (2048K), 1 survivors (2048K)
 Metaspace       used 30033K, committed 30464K, reserved 1114112K
  class space    used 3809K, committed 3968K, reserved 1048576K
}
Event: 6.772 GC heap before
{Heap before GC invocations=7 (full 0):
 garbage-first heap   total 55296K, used 35811K [0x0000000715c00000, 0x0000000800000000)
  region size 2048K, 11 young (22528K), 1 survivors (2048K)
 Metaspace       used 35674K, committed 36096K, reserved 1114112K
  class space    used 4632K, committed 4864K, reserved 1048576K
}
Event: 6.778 GC heap after
{Heap after GC invocations=8 (full 0):
 garbage-first heap   total 55296K, used 18356K [0x0000000715c00000, 0x0000000800000000)
  region size 2048K, 2 young (4096K), 2 survivors (4096K)
 Metaspace       used 35674K, committed 36096K, reserved 1114112K
  class space    used 4632K, committed 4864K, reserved 1048576K
}
Event: 6.782 GC heap before
{Heap before GC invocations=8 (full 0):
 garbage-first heap   total 55296K, used 18356K [0x0000000715c00000, 0x0000000800000000)
  region size 2048K, 3 young (6144K), 2 survivors (4096K)
 Metaspace       used 35758K, committed 36160K, reserved 1114112K
  class space    used 4632K, committed 4864K, reserved 1048576K
}
Event: 6.786 GC heap after
{Heap after GC invocations=9 (full 0):
 garbage-first heap   total 55296K, used 18680K [0x0000000715c00000, 0x0000000800000000)
  region size 2048K, 1 young (2048K), 1 survivors (2048K)
 Metaspace       used 35758K, committed 36160K, reserved 1114112K
  class space    used 4632K, committed 4864K, reserved 1048576K
}
Event: 7.802 GC heap before
{Heap before GC invocations=10 (full 0):
 garbage-first heap   total 55296K, used 39160K [0x0000000715c00000, 0x0000000800000000)
  region size 2048K, 11 young (22528K), 1 survivors (2048K)
 Metaspace       used 44457K, committed 44928K, reserved 1114112K
  class space    used 5740K, committed 5952K, reserved 1048576K
}
Event: 7.809 GC heap after
{Heap after GC invocations=11 (full 0):
 garbage-first heap   total 55296K, used 20522K [0x0000000715c00000, 0x0000000800000000)
  region size 2048K, 2 young (4096K), 2 survivors (4096K)
 Metaspace       used 44457K, committed 44928K, reserved 1114112K
  class space    used 5740K, committed 5952K, reserved 1048576K
}
Event: 8.451 GC heap before
{Heap before GC invocations=12 (full 0):
 garbage-first heap   total 55296K, used 38954K [0x0000000715c00000, 0x0000000800000000)
  region size 2048K, 11 young (22528K), 2 survivors (4096K)
 Metaspace       used 49128K, committed 49600K, reserved 1114112K
  class space    used 6289K, committed 6528K, reserved 1048576K
}
Event: 8.459 GC heap after
{Heap after GC invocations=13 (full 0):
 garbage-first heap   total 55296K, used 21634K [0x0000000715c00000, 0x0000000800000000)
  region size 2048K, 1 young (2048K), 1 survivors (2048K)
 Metaspace       used 49128K, committed 49600K, reserved 1114112K
  class space    used 6289K, committed 6528K, reserved 1048576K
}
Event: 9.183 GC heap before
{Heap before GC invocations=13 (full 0):
 garbage-first heap   total 55296K, used 40066K [0x0000000715c00000, 0x0000000800000000)
  region size 2048K, 10 young (20480K), 1 survivors (2048K)
 Metaspace       used 54052K, committed 54528K, reserved 1114112K
  class space    used 7189K, committed 7424K, reserved 1048576K
}
Event: 9.189 GC heap after
{Heap after GC invocations=14 (full 0):
 garbage-first heap   total 55296K, used 22168K [0x0000000715c00000, 0x0000000800000000)
  region size 2048K, 1 young (2048K), 1 survivors (2048K)
 Metaspace       used 54052K, committed 54528K, reserved 1114112K
  class space    used 7189K, committed 7424K, reserved 1048576K
}
Event: 10.174 GC heap before
{Heap before GC invocations=14 (full 0):
 garbage-first heap   total 55296K, used 38552K [0x0000000715c00000, 0x0000000800000000)
  region size 2048K, 10 young (20480K), 1 survivors (2048K)
 Metaspace       used 58344K, committed 58816K, reserved 1114112K
  class space    used 7787K, committed 8000K, reserved 1048576K
}
Event: 10.181 GC heap after
{Heap after GC invocations=15 (full 0):
 garbage-first heap   total 55296K, used 23527K [0x0000000715c00000, 0x0000000800000000)
  region size 2048K, 2 young (4096K), 2 survivors (4096K)
 Metaspace       used 58344K, committed 58816K, reserved 1114112K
  class space    used 7787K, committed 8000K, reserved 1048576K
}
Event: 10.832 GC heap before
{Heap before GC invocations=15 (full 0):
 garbage-first heap   total 55296K, used 39911K [0x0000000715c00000, 0x0000000800000000)
  region size 2048K, 10 young (20480K), 2 survivors (4096K)
 Metaspace       used 60780K, committed 61312K, reserved 1114112K
  class space    used 8121K, committed 8384K, reserved 1048576K
}
Event: 10.840 GC heap after
{Heap after GC invocations=16 (full 0):
 garbage-first heap   total 55296K, used 24349K [0x0000000715c00000, 0x0000000800000000)
  region size 2048K, 2 young (4096K), 2 survivors (4096K)
 Metaspace       used 60780K, committed 61312K, reserved 1114112K
  class space    used 8121K, committed 8384K, reserved 1048576K
}
Event: 11.521 GC heap before
{Heap before GC invocations=16 (full 0):
 garbage-first heap   total 55296K, used 40733K [0x0000000715c00000, 0x0000000800000000)
  region size 2048K, 10 young (20480K), 2 survivors (4096K)
 Metaspace       used 64250K, committed 64704K, reserved 1114112K
  class space    used 8820K, committed 9024K, reserved 1048576K
}
Event: 11.530 GC heap after
{Heap after GC invocations=17 (full 0):
 garbage-first heap   total 149504K, used 26571K [0x0000000715c00000, 0x0000000800000000)
  region size 2048K, 2 young (4096K), 2 survivors (4096K)
 Metaspace       used 64250K, committed 64704K, reserved 1114112K
  class space    used 8820K, committed 9024K, reserved 1048576K
}

